{"/Users/simonassi/todolist/todolist_rn/assets/clipboard.png": {"path":"/Users/simonassi/todolist/todolist_rn/assets/clipboard.png","statementMap":{"0":{"start":{"line":1,"column":0},"end":{"line":4,"column":6}}},"fnMap":{},"branchMap":{},"s":{"0":1},"f":{},"b":{},"_coverageSchema":"1a1c01bbd47fc00a2c39e90264f33305004495a9","hash":"c28025b39bef79f252f996d76c3cc45cf3d43915"}
,"/Users/simonassi/todolist/todolist_rn/src/test-utils.js": {"path":"/Users/simonassi/todolist/todolist_rn/src/test-utils.js","statementMap":{"0":{"start":{"line":3,"column":21},"end":{"line":4,"column":48}},"1":{"start":{"line":4,"column":2},"end":{"line":4,"column":48}}},"fnMap":{"0":{"name":"(anonymous_0)","decl":{"start":{"line":3,"column":21},"end":{"line":3,"column":22}},"loc":{"start":{"line":4,"column":2},"end":{"line":4,"column":48}},"line":4}},"branchMap":{},"s":{"0":2,"1":3},"f":{"0":3},"b":{},"_coverageSchema":"1a1c01bbd47fc00a2c39e90264f33305004495a9","hash":"ffe45560b9001c0a8714d80d9c157bb48fbc9863"}
,"/Users/simonassi/todolist/todolist_rn/src/components/EmptyList/index.tsx": {"path":"/Users/simonassi/todolist/todolist_rn/src/components/EmptyList/index.tsx","statementMap":{"0":{"start":{"line":7,"column":2},"end":{"line":18,"column":3}}},"fnMap":{"0":{"name":"EmptyList","decl":{"start":{"line":6,"column":16},"end":{"line":6,"column":25}},"loc":{"start":{"line":6,"column":28},"end":{"line":19,"column":1}},"line":6}},"branchMap":{},"s":{"0":1},"f":{"0":1},"b":{},"_coverageSchema":"1a1c01bbd47fc00a2c39e90264f33305004495a9","hash":"f8ceab9c9d7a2546c49535b81a713e46a602720f"}
,"/Users/simonassi/todolist/todolist_rn/src/components/EmptyList/styles.ts": {"path":"/Users/simonassi/todolist/todolist_rn/src/components/EmptyList/styles.ts","statementMap":{"0":{"start":{"line":3,"column":22},"end":{"line":23,"column":2}}},"fnMap":{},"branchMap":{},"s":{"0":1},"f":{},"b":{},"_coverageSchema":"1a1c01bbd47fc00a2c39e90264f33305004495a9","hash":"1a23c28a3c436acf3a622d0b0a96c6d712f2ef0c"}
,"/Users/simonassi/todolist/todolist_rn/src/components/ListHeader/index.tsx": {"path":"/Users/simonassi/todolist/todolist_rn/src/components/ListHeader/index.tsx","statementMap":{"0":{"start":{"line":12,"column":18},"end":{"line":12,"column":30}},"1":{"start":{"line":13,"column":20},"end":{"line":13,"column":60}},"2":{"start":{"line":13,"column":43},"end":{"line":13,"column":52}},"3":{"start":{"line":15,"column":2},"end":{"line":35,"column":4}}},"fnMap":{"0":{"name":"ListHeader","decl":{"start":{"line":11,"column":16},"end":{"line":11,"column":26}},"loc":{"start":{"line":11,"column":55},"end":{"line":36,"column":1}},"line":11},"1":{"name":"(anonymous_1)","decl":{"start":{"line":13,"column":33},"end":{"line":13,"column":34}},"loc":{"start":{"line":13,"column":43},"end":{"line":13,"column":52}},"line":13}},"branchMap":{},"s":{"0":2,"1":2,"2":8,"3":2},"f":{"0":2,"1":8},"b":{},"_coverageSchema":"1a1c01bbd47fc00a2c39e90264f33305004495a9","hash":"07748b66ea6ba6c10c5ace953ab07f46d458bc9e"}
,"/Users/simonassi/todolist/todolist_rn/src/components/ListHeader/styles.ts": {"path":"/Users/simonassi/todolist/todolist_rn/src/components/ListHeader/styles.ts","statementMap":{"0":{"start":{"line":3,"column":22},"end":{"line":37,"column":2}}},"fnMap":{},"branchMap":{},"s":{"0":1},"f":{},"b":{},"_coverageSchema":"1a1c01bbd47fc00a2c39e90264f33305004495a9","hash":"58efde523f2575b6746e153190823ae2beab0309"}
,"/Users/simonassi/todolist/todolist_rn/src/mock/todos_mock.ts": {"path":"/Users/simonassi/todolist/todolist_rn/src/mock/todos_mock.ts","statementMap":{"0":{"start":{"line":3,"column":29},"end":{"line":8,"column":1}}},"fnMap":{},"branchMap":{},"s":{"0":1},"f":{},"b":{},"_coverageSchema":"1a1c01bbd47fc00a2c39e90264f33305004495a9","hash":"eaf44119e7e2069ec09221eff54da9ba96701f5c"}
}
